<?xml version="1.0" encoding="utf-8"?><testsuites name="pytest tests"><testsuite name="pytest" errors="0" failures="0" skipped="0" tests="6" time="3.853" timestamp="2026-04-21T05:42:16.507655+00:00" hostname="agent-env-1102d201-19fb-4df1-aeee-b61f5c676a21"><testcase classname="backend.tests.test_bib_email_api.TestAdminRegistrationsList" name="test_list_returns_bib_card_and_bib_number" time="0.199" /><testcase classname="backend.tests.test_bib_email_api.TestManualRegistrationEmail" name="test_create_manual_registration_triggers_email" time="1.384" /><testcase classname="backend.tests.test_bib_email_api.TestManualRegistrationEmail" name="test_resend_email_endpoint_existing" time="0.935" /><testcase classname="backend.tests.test_bib_email_api.TestManualRegistrationEmail" name="test_resend_email_404_for_nonexistent" time="0.108" /><testcase classname="backend.tests.test_bib_email_api.TestManualRegistrationEmail" name="test_cleanup_created_registration" time="0.098" /><testcase classname="backend.tests.test_bib_email_api.TestSeededResend" name="test_resend_email_for_existing_bib" time="1.065" /></testsuite></testsuites>