<?xml version="1.0" encoding="utf-8"?><testsuites name="pytest tests"><testsuite name="pytest" errors="0" failures="0" skipped="0" tests="14" time="17.117" timestamp="2026-04-21T09:34:04.846248+00:00" hostname="agent-env-1102d201-19fb-4df1-aeee-b61f5c676a21"><testcase classname="backend.tests.test_sap_flow_api.TestRegisterPending" name="test_accepts_full_17_field_payload" time="0.544" /><testcase classname="backend.tests.test_sap_flow_api.TestRegisterPending" name="test_rejects_duplicate_same_event_and_email" time="0.240" /><testcase classname="backend.tests.test_sap_flow_api.TestRegisterPending" name="test_rejects_unknown_event" time="0.113" /><testcase classname="backend.tests.test_sap_flow_api.TestAdminConfirmTransition" name="test_pending_to_confirmed_generates_bib_and_emails" time="2.603" /><testcase classname="backend.tests.test_sap_flow_api.TestAdminConfirmTransition" name="test_already_confirmed_is_noop" time="2.371" /><testcase classname="backend.tests.test_sap_flow_api.TestAdminConfirmTransition" name="test_status_cancelled_no_bib_generation" time="0.500" /><testcase classname="backend.tests.test_sap_flow_api.TestAdminConfirmTransition" name="test_status_pending_no_bib_generation" time="0.240" /><testcase classname="backend.tests.test_sap_flow_api.TestRegressions" name="test_admin_login_ok" time="0.101" /><testcase classname="backend.tests.test_sap_flow_api.TestRegressions" name="test_admin_login_wrong_password" time="0.112" /><testcase classname="backend.tests.test_sap_flow_api.TestRegressions" name="test_admin_get_registrations_shape" time="0.248" /><testcase classname="backend.tests.test_sap_flow_api.TestRegressions" name="test_admin_manual_create_generates_bib" time="2.487" /><testcase classname="backend.tests.test_sap_flow_api.TestRegressions" name="test_resend_email_endpoint" time="3.788" /><testcase classname="backend.tests.test_sap_flow_api.TestRegressions" name="test_resend_email_404" time="0.112" /><testcase classname="backend.tests.test_sap_flow_api.TestRegressions" name="test_checkin_endpoint" time="3.441" /></testsuite></testsuites>