<?xml version="1.0" encoding="utf-8"?><testsuites name="pytest tests"><testsuite name="pytest" errors="0" failures="0" skipped="0" tests="12" time="8.263" timestamp="2026-04-18T13:15:29.172620+00:00" hostname="agent-env-1102d201-19fb-4df1-aeee-b61f5c676a21"><testcase classname="backend.tests.test_registration_api.TestHealthAndEvents" name="test_api_root" time="0.207" /><testcase classname="backend.tests.test_registration_api.TestHealthAndEvents" name="test_get_events" time="0.113" /><testcase classname="backend.tests.test_registration_api.TestPaymentCheckoutAPI" name="test_checkout_with_all_extended_fields" time="0.876" /><testcase classname="backend.tests.test_registration_api.TestPaymentCheckoutAPI" name="test_checkout_with_medical_condition_yes" time="0.580" /><testcase classname="backend.tests.test_registration_api.TestPaymentCheckoutAPI" name="test_checkout_all_tshirt_sizes" time="3.104" /><testcase classname="backend.tests.test_registration_api.TestPaymentCheckoutAPI" name="test_checkout_all_genders" time="1.710" /><testcase classname="backend.tests.test_registration_api.TestPaymentCheckoutAPI" name="test_checkout_missing_required_fields" time="0.286" /><testcase classname="backend.tests.test_registration_api.TestPaymentCheckoutAPI" name="test_duplicate_registration_prevention" time="0.614" /><testcase classname="backend.tests.test_registration_api.TestAdminAPI" name="test_admin_login_success" time="0.107" /><testcase classname="backend.tests.test_registration_api.TestAdminAPI" name="test_admin_login_failure" time="0.110" /><testcase classname="backend.tests.test_registration_api.TestAdminAPI" name="test_admin_get_registrations" time="0.121" /><testcase classname="backend.tests.test_registration_api.TestManualRegistration" name="test_admin_create_registration_with_extended_fields" time="0.348" /></testsuite></testsuites>